[2023-10-31 23:40:23.362] [INFO ] [main] com.springboot.jpa.JpaApplication Starting JpaApplication using Java 11.0.5 on KWAUNGBUMKI3993 with PID 2496 (Z:\Desktop\springboot-main\jpa\target\classes started by kwaungbumkim in Z:\Desktop\springboot-main\jpa)
[2023-10-31 23:40:23.362] [INFO ] [main] com.springboot.jpa.JpaApplication No active profile set, falling back to default profiles: default
[2023-10-31 23:40:25.080] [INFO ] [main] org.springframework.data.repository.config.RepositoryConfigurationDelegate Bootstrapping Spring Data JPA repositories in DEFAULT mode.
[2023-10-31 23:40:25.143] [INFO ] [main] org.springframework.data.repository.config.RepositoryConfigurationDelegate Finished Spring Data repository scanning in 67 ms. Found 1 JPA repository interfaces.
[2023-10-31 23:40:25.789] [INFO ] [main] org.springframework.boot.web.embedded.tomcat.TomcatWebServer Tomcat initialized with port(s): 8080 (http)
[2023-10-31 23:40:25.798] [INFO ] [main] org.apache.coyote.http11.Http11NioProtocol Initializing ProtocolHandler ["http-nio-8080"]
[2023-10-31 23:40:25.798] [INFO ] [main] org.apache.catalina.core.StandardService Starting service [Tomcat]
[2023-10-31 23:40:25.798] [INFO ] [main] org.apache.catalina.core.StandardEngine Starting Servlet engine: [Apache Tomcat/9.0.54]
[2023-10-31 23:40:25.892] [INFO ] [main] org.apache.catalina.core.ContainerBase.[Tomcat].[localhost].[/] Initializing Spring embedded WebApplicationContext
[2023-10-31 23:40:25.892] [INFO ] [main] org.springframework.boot.web.servlet.context.ServletWebServerApplicationContext Root WebApplicationContext: initialization completed in 2406 ms
[2023-10-31 23:40:26.189] [INFO ] [main] org.hibernate.jpa.internal.util.LogHelper HHH000204: Processing PersistenceUnitInfo [name: default]
[2023-10-31 23:40:26.251] [INFO ] [main] org.hibernate.Version HHH000412: Hibernate ORM core version 5.4.32.Final
[2023-10-31 23:40:26.376] [INFO ] [main] org.hibernate.annotations.common.Version HCANN000001: Hibernate Commons Annotations {5.1.2.Final}
[2023-10-31 23:40:26.485] [INFO ] [main] com.zaxxer.hikari.HikariDataSource HikariPool-1 - Starting...
[2023-10-31 23:40:26.548] [INFO ] [main] com.zaxxer.hikari.HikariDataSource HikariPool-1 - Start completed.
[2023-10-31 23:40:26.579] [INFO ] [main] org.hibernate.dialect.Dialect HHH000400: Using dialect: org.hibernate.dialect.MariaDB103Dialect
[2023-10-31 23:40:27.410] [INFO ] [main] org.hibernate.engine.transaction.jta.platform.internal.JtaPlatformInitiator HHH000490: Using JtaPlatform implementation: [org.hibernate.engine.transaction.jta.platform.internal.NoJtaPlatform]
[2023-10-31 23:40:27.425] [INFO ] [main] org.springframework.orm.jpa.LocalContainerEntityManagerFactoryBean Initialized JPA EntityManagerFactory for persistence unit 'default'
[2023-10-31 23:40:28.238] [WARN ] [main] org.springframework.boot.autoconfigure.orm.jpa.JpaBaseConfiguration$JpaWebConfiguration spring.jpa.open-in-view is enabled by default. Therefore, database queries may be performed during view rendering. Explicitly configure spring.jpa.open-in-view to disable this warning
[2023-10-31 23:40:28.428] [INFO ] [main] springfox.documentation.spring.web.PropertySourcedRequestMappingHandlerMapping Mapped URL path [/v2/api-docs] onto method [springfox.documentation.swagger2.web.Swagger2Controller#getDocumentation(String, HttpServletRequest)]
[2023-10-31 23:40:28.951] [INFO ] [main] org.apache.coyote.http11.Http11NioProtocol Starting ProtocolHandler ["http-nio-8080"]
[2023-10-31 23:40:28.983] [INFO ] [main] org.springframework.boot.web.embedded.tomcat.TomcatWebServer Tomcat started on port(s): 8080 (http) with context path ''
[2023-10-31 23:40:28.983] [INFO ] [main] springfox.documentation.spring.web.plugins.DocumentationPluginsBootstrapper Context refreshed
[2023-10-31 23:40:29.030] [INFO ] [main] springfox.documentation.spring.web.plugins.DocumentationPluginsBootstrapper Found 1 custom documentation plugin(s)
[2023-10-31 23:40:29.078] [INFO ] [main] springfox.documentation.spring.web.scanners.ApiListingReferenceScanner Scanning for api listing references
[2023-10-31 23:40:29.266] [INFO ] [main] com.springboot.jpa.JpaApplication Started JpaApplication in 7.064 seconds (JVM running for 8.327)
[2023-10-31 23:41:46.095] [INFO ] [http-nio-8080-exec-1] org.apache.catalina.core.ContainerBase.[Tomcat].[localhost].[/] Initializing Spring DispatcherServlet 'dispatcherServlet'
[2023-10-31 23:41:46.095] [INFO ] [http-nio-8080-exec-1] org.springframework.web.servlet.DispatcherServlet Initializing Servlet 'dispatcherServlet'
[2023-10-31 23:41:46.095] [INFO ] [http-nio-8080-exec-1] org.springframework.web.servlet.DispatcherServlet Completed initialization in 0 ms
[2023-10-31 23:41:46.328] [INFO ] [http-nio-8080-exec-1] com.springboot.jpa.controller.ProductController 제품이 성공적으로 등록되었습니다
[2023-10-31 23:58:43.735] [INFO ] [main] com.springboot.jpa.JpaApplication Starting JpaApplication using Java 11.0.5 on KWAUNGBUMKI3993 with PID 11488 (Z:\Desktop\springboot-main\jpa\target\classes started by kwaungbumkim in Z:\Desktop\springboot-main\jpa)
[2023-10-31 23:58:43.751] [INFO ] [main] com.springboot.jpa.JpaApplication No active profile set, falling back to default profiles: default
[2023-10-31 23:58:45.470] [INFO ] [main] org.springframework.data.repository.config.RepositoryConfigurationDelegate Bootstrapping Spring Data JPA repositories in DEFAULT mode.
[2023-10-31 23:58:45.532] [INFO ] [main] org.springframework.data.repository.config.RepositoryConfigurationDelegate Finished Spring Data repository scanning in 63 ms. Found 1 JPA repository interfaces.
[2023-10-31 23:58:46.109] [INFO ] [main] org.springframework.boot.web.embedded.tomcat.TomcatWebServer Tomcat initialized with port(s): 8080 (http)
[2023-10-31 23:58:46.109] [INFO ] [main] org.apache.coyote.http11.Http11NioProtocol Initializing ProtocolHandler ["http-nio-8080"]
[2023-10-31 23:58:46.109] [INFO ] [main] org.apache.catalina.core.StandardService Starting service [Tomcat]
[2023-10-31 23:58:46.109] [INFO ] [main] org.apache.catalina.core.StandardEngine Starting Servlet engine: [Apache Tomcat/9.0.54]
[2023-10-31 23:58:46.234] [INFO ] [main] org.apache.catalina.core.ContainerBase.[Tomcat].[localhost].[/] Initializing Spring embedded WebApplicationContext
[2023-10-31 23:58:46.234] [INFO ] [main] org.springframework.boot.web.servlet.context.ServletWebServerApplicationContext Root WebApplicationContext: initialization completed in 2374 ms
[2023-10-31 23:58:46.484] [INFO ] [main] org.hibernate.jpa.internal.util.LogHelper HHH000204: Processing PersistenceUnitInfo [name: default]
[2023-10-31 23:58:46.530] [INFO ] [main] org.hibernate.Version HHH000412: Hibernate ORM core version 5.4.32.Final
[2023-10-31 23:58:46.625] [INFO ] [main] org.hibernate.annotations.common.Version HCANN000001: Hibernate Commons Annotations {5.1.2.Final}
[2023-10-31 23:58:46.734] [INFO ] [main] com.zaxxer.hikari.HikariDataSource HikariPool-1 - Starting...
[2023-10-31 23:58:46.797] [INFO ] [main] com.zaxxer.hikari.HikariDataSource HikariPool-1 - Start completed.
[2023-10-31 23:58:46.813] [INFO ] [main] org.hibernate.dialect.Dialect HHH000400: Using dialect: org.hibernate.dialect.MariaDB103Dialect
[2023-10-31 23:58:47.407] [INFO ] [main] org.hibernate.engine.transaction.jta.platform.internal.JtaPlatformInitiator HHH000490: Using JtaPlatform implementation: [org.hibernate.engine.transaction.jta.platform.internal.NoJtaPlatform]
[2023-10-31 23:58:47.422] [INFO ] [main] org.springframework.orm.jpa.LocalContainerEntityManagerFactoryBean Initialized JPA EntityManagerFactory for persistence unit 'default'
[2023-10-31 23:58:47.970] [WARN ] [main] org.springframework.boot.autoconfigure.orm.jpa.JpaBaseConfiguration$JpaWebConfiguration spring.jpa.open-in-view is enabled by default. Therefore, database queries may be performed during view rendering. Explicitly configure spring.jpa.open-in-view to disable this warning
[2023-10-31 23:58:48.127] [INFO ] [main] springfox.documentation.spring.web.PropertySourcedRequestMappingHandlerMapping Mapped URL path [/v2/api-docs] onto method [springfox.documentation.swagger2.web.Swagger2Controller#getDocumentation(String, HttpServletRequest)]
[2023-10-31 23:58:48.455] [INFO ] [main] org.apache.coyote.http11.Http11NioProtocol Starting ProtocolHandler ["http-nio-8080"]
[2023-10-31 23:58:48.471] [INFO ] [main] org.springframework.boot.web.embedded.tomcat.TomcatWebServer Tomcat started on port(s): 8080 (http) with context path ''
[2023-10-31 23:58:48.471] [INFO ] [main] springfox.documentation.spring.web.plugins.DocumentationPluginsBootstrapper Context refreshed
[2023-10-31 23:58:48.502] [INFO ] [main] springfox.documentation.spring.web.plugins.DocumentationPluginsBootstrapper Found 1 custom documentation plugin(s)
[2023-10-31 23:58:48.518] [INFO ] [main] springfox.documentation.spring.web.scanners.ApiListingReferenceScanner Scanning for api listing references
[2023-10-31 23:58:48.675] [INFO ] [main] com.springboot.jpa.JpaApplication Started JpaApplication in 6.035 seconds (JVM running for 7.143)
